[handleMsg]:  {
  key: {
    remoteJid: '584126826027@s.whatsapp.net',
    fromMe: false,
    id: '2E07470087C5E6B1019D15532CDBF2B2',
    participant: undefined
  },
  messageTimestamp: 1691610909,
  pushName: 'Freddy',
  broadcast: false,
  message: Message {
    conversation: 'Hola',
    messageContextInfo: MessageContextInfo {
      deviceListMetadata: [DeviceListMetadata],
      deviceListMetadataVersion: 2
    }
  },
  body: 'Hola',
  from: '584126826027'
}
[handleMsg]:  {
  key: {
    remoteJid: '584126826027@s.whatsapp.net',
    fromMe: false,
    id: 'D518F4B0555BC4BB9B9937F91E403C53',
    participant: undefined
  },
  messageTimestamp: 1691610917,
  pushName: 'Freddy',
  broadcast: false,
  message: Message {
    conversation: '3',
    messageContextInfo: MessageContextInfo {
      deviceListMetadata: [DeviceListMetadata],
      deviceListMetadataVersion: 2
    }
  },
  body: '3',
  from: '584126826027'
}
[handleMsg]:  {
  key: {
    remoteJid: '584126826027@s.whatsapp.net',
    fromMe: false,
    id: '745A76CF8CB29569677EA2AF5E453FC6',
    participant: undefined
  },
  messageTimestamp: 1691610925,
  pushName: 'Freddy',
  broadcast: false,
  message: Message {
    conversation: '1',
    messageContextInfo: MessageContextInfo {
      deviceListMetadata: [DeviceListMetadata],
      deviceListMetadataVersion: 2
    }
  },
  body: '1',
  from: '584126826027'
}
[handleMsg]:  {
  key: {
    remoteJid: '584126826027@s.whatsapp.net',
    fromMe: false,
    id: '8767D39F833624BF75C611818829D6EA',
    participant: undefined
  },
  messageTimestamp: 1691610931,
  pushName: 'Freddy',
  broadcast: false,
  message: Message {
    conversation: '1:2',
    messageContextInfo: MessageContextInfo {
      deviceListMetadata: [DeviceListMetadata],
      deviceListMetadataVersion: 2
    }
  },
  body: '1:2',
  from: '584126826027'
}
[handleMsg]:  {
  key: {
    remoteJid: '584126826027@s.whatsapp.net',
    fromMe: false,
    id: '867C3AEB1F8FC308B9A0918773E423ED',
    participant: undefined
  },
  messageTimestamp: 1691610941,
  pushName: 'Freddy',
  broadcast: false,
  message: Message {
    conversation: '1',
    messageContextInfo: MessageContextInfo {
      deviceListMetadata: [DeviceListMetadata],
      deviceListMetadataVersion: 2
    }
  },
  body: '1',
  from: '584126826027'
}
[handleMsg]:  {
  key: {
    remoteJid: '584126826027@s.whatsapp.net',
    fromMe: false,
    id: '221C87B2F640DD518D123F1DA874CDAC',
    participant: undefined
  },
  messageTimestamp: 1691610946,
  pushName: 'Freddy',
  broadcast: false,
  message: Message {
    conversation: '1',
    messageContextInfo: MessageContextInfo {
      deviceListMetadata: [DeviceListMetadata],
      deviceListMetadataVersion: 2
    }
  },
  body: '1',
  from: '584126826027'
}
[handleMsg]:  {
  key: {
    remoteJid: '584126826027@s.whatsapp.net',
    fromMe: false,
    id: 'C962C32C13D0658E93785AC28B90DE8A',
    participant: undefined
  },
  messageTimestamp: 1691610954,
  pushName: 'Freddy',
  broadcast: false,
  message: Message {
    conversation: 'Otra más 2222',
    messageContextInfo: MessageContextInfo {
      deviceListMetadata: [DeviceListMetadata],
      deviceListMetadataVersion: 2
    }
  },
  body: 'Otra más 2222',
  from: '584126826027'
}
